AndroidApp/app/proguard-rules.pro
# Add project specific ProGuard rules here.
-keepattributes *Annotation*
-keep class com.google.firebase.** { *; }
-keep class com.chrono.app.data.model.** { *; }