AndroidApp/app/build/outputs/mapping/release/seeds.txt
com.chrono.app.data.model.Recurrence
com.chrono.app.data.model.Session
com.chrono.app.widget.HabitsWidgetService
com.chrono.app.data.model.Task
com.chrono.app.widget.WidgetConfigActivity
com.chrono.app.data.model.ModelsKt
com.chrono.app.widget.TasksWidgetProvider
com.chrono.app.data.model.Friend
com.chrono.app.data.model.Collaborator
com.chrono.app.widget.NotesWidgetService
com.chrono.app.widget.BootReceiver
com.chrono.app.MainActivity
com.chrono.app.widget.HabitsWidgetProvider
com.chrono.app.widget.TasksWidgetService
com.chrono.app.ChronoApp
com.chrono.app.data.model.ParsedInput
com.chrono.app.data.model.TaskNode
com.chrono.app.data.model.ProjectView
com.chrono.app.viewmodel.MainViewModel
com.chrono.app.data.model.Note
com.chrono.app.data.model.KanbanColumn
com.chrono.app.data.model.Project
com.chrono.app.widget.NotesWidgetProvider
com.chrono.app.data.model.Role
com.chrono.app.widget.WidgetRefreshWorker
com.chrono.app.widget.WidgetActionReceiver
com.chrono.app.data.model.Note: int $stable
com.chrono.app.data.model.Project: java.lang.String color
com.chrono.app.data.model.Project: java.lang.String ownerId
com.chrono.app.data.model.Note: java.lang.String id
com.chrono.app.data.model.Project: com.chrono.app.data.model.ProjectView view
com.chrono.app.data.model.Collaborator: com.chrono.app.data.model.Role role
com.chrono.app.data.model.Role: com.chrono.app.data.model.Role VIEWER
com.chrono.app.data.model.ParsedInput: java.lang.String title
com.chrono.app.data.model.ParsedInput: int priority
com.chrono.app.data.model.KanbanColumn: int priority
com.chrono.app.data.model.Session: int $stable
com.chrono.app.data.model.Note: java.lang.String createdAt
com.chrono.app.data.model.Friend: java.lang.String id
com.chrono.app.data.model.Project: java.lang.String name
com.chrono.app.data.model.Session: java.lang.String provider
com.chrono.app.data.model.Session: java.lang.String id
com.chrono.app.data.model.Friend: int $stable
com.chrono.app.data.model.Friend: java.lang.String name
com.chrono.app.data.model.Note: boolean pinned
com.chrono.app.data.model.Task: java.lang.String note
com.chrono.app.data.model.Project: java.util.List kanbanColumns
com.chrono.app.data.model.Project: java.lang.String createdAt
com.chrono.app.data.model.KanbanColumn: java.lang.String label
com.chrono.app.data.model.ModelsKt: int PRIORITY_NONE
com.chrono.app.data.model.Task: java.lang.String createdAt
com.chrono.app.data.model.ProjectView: kotlin.enums.EnumEntries $ENTRIES
com.chrono.app.data.model.Task: java.lang.String parentId
com.chrono.app.data.model.Role: com.chrono.app.data.model.Role OWNER
com.chrono.app.data.model.Project: boolean shared
com.chrono.app.data.model.Task: java.util.List tags
com.chrono.app.data.model.Note: java.lang.String color
com.chrono.app.data.model.Recurrence: com.chrono.app.data.model.Recurrence MONTHLY
com.chrono.app.data.model.ProjectView: com.chrono.app.data.model.ProjectView GANTT
com.chrono.app.data.model.Project: java.lang.String shareId
com.chrono.app.data.model.TaskNode: int $stable
com.chrono.app.data.model.Collaborator: java.lang.String addedAt
com.chrono.app.data.model.Task: double order
com.chrono.app.data.model.TaskNode: int depth
com.chrono.app.data.model.ParsedInput: java.util.List tags
com.chrono.app.data.model.Task: boolean collapsed
com.chrono.app.data.model.Recurrence: com.chrono.app.data.model.Recurrence[] $VALUES
com.chrono.app.data.model.ModelsKt: int PRIORITY_LOW
com.chrono.app.data.model.Role: com.chrono.app.data.model.Role[] $VALUES
com.chrono.app.data.model.Collaborator: java.lang.String name
com.chrono.app.data.model.ProjectView: com.chrono.app.data.model.ProjectView LIST
com.chrono.app.data.model.Role: com.chrono.app.data.model.Role ADMIN
com.chrono.app.data.model.Project: java.lang.String id
com.chrono.app.data.model.Project: java.lang.String joinCode
com.chrono.app.data.model.Session: java.lang.String username
com.chrono.app.data.model.Project: boolean published
...
com.google.firebase.auth.zzaj: com.google.firebase.auth.FirebaseUser zzb
com.google.firebase.auth.zzd: java.lang.String zzb
com.google.firebase.database.DatabaseReference$3: com.google.firebase.database.core.CompoundWrite val$merge
com.google.android.gms.internal.auth.zzfm: int zzc
com.google.android.gms.internal.firebase-auth-api.zzvb: com.google.android.gms.internal.firebase-auth-api.zzvb zza
com.google.android.gms.internal.firebase-auth-api.zzmx: java.lang.Class zzb
com.google.firebase.database.ktx.R$attr: int fontProviderQuery
com.google.android.recaptcha.internal.zzmc: com.google.android.recaptcha.internal.zzmc[] zzj
com.google.android.gms.internal.firebase-auth-api.zzgf: com.google.android.gms.internal.firebase-auth-api.zzgf zza
com.google.firebase.database.R$attr: int font
com.google.firebase.database.core.Path: com.google.firebase.database.core.Path EMPTY_PATH
com.google.android.gms.internal.auth.zzby: com.google.android.gms.internal.auth.zzby zzp
com.google.android.gms.internal.firebase-auth-api.zzais: com.google.android.gms.internal.firebase-auth-api.zzais zzb
com.google.android.gms.internal.firebase-auth-api.zzaea: long zza
com.google.firebase.database.R$id: int icon_group
com.google.android.gms.internal.firebase-auth-api.zzcx: java.lang.String zzc
com.google.android.gms.internal.firebase-auth-api.zzage: java.lang.String zze
com.google.android.gms.internal.firebase-auth-api.zzok: java.util.Map zza
com.google.firebase.database.connection.util.StringListReader: boolean frozen
com.google.firebase.database.DatabaseKt$snapshots$1$1: com.google.firebase.database.ValueEventListener $listener
com.google.firebase.ktx.R$dimen: int notification_right_icon_size
com.google.android.gms.internal.firebase-auth-api.zzahp: com.google.android.gms.internal.firebase-auth-api.zzahm zzc
com.google.android.gms.internal.auth.zzby: com.google.android.gms.internal.auth.zzby zzV
com.google.firebase.database.R$styleable: int GradientColor_android_startY
com.google.android.recaptcha.RecaptchaAction: com.google.android.recaptcha.RecaptchaAction LOGIN
com.google.android.gms.internal.firebase-auth-api.zzqb$zza: com.google.android.gms.internal.firebase-auth-api.zzqm zza
com.google.android.gms.internal.firebase-auth-api.zzacs: java.lang.String zzf
com.google.android.gms.internal.firebase-auth-api.zzrc: com.google.android.gms.internal.firebase-auth-api.zzrc zza
com.google.firebase.database.ktx.R$id: int accessibility_custom_action_23
com.google.android.gms.internal.firebase-auth-api.zzaep: java.lang.String zzb
com.google.android.gms.internal.firebase-auth-api.zzaar: java.lang.String zzy
com.google.android.gms.internal.firebase-auth-api.zzwp: com.google.android.gms.internal.firebase-auth-api.zzwp zzc
com.google.firebase.database.ktx.R$id: int accessibility_custom_action_22
com.google.android.gms.internal.firebase-auth-api.zzhu: com.google.android.gms.internal.firebase-auth-api.zzxr zza
com.google.android.gms.internal.fido.zzax: com.google.android.gms.internal.fido.zzax zza
com.google.android.gms.internal.firebase-auth-api.zzaix: com.google.android.gms.internal.firebase-auth-api.zzaix zzac
com.google.firebase.auth.internal.zzab: java.lang.String zzf
com.google.android.gms.internal.firebase-auth-api.zzkn: com.google.android.gms.internal.firebase-auth-api.zzrp zzb
com.google.android.gms.internal.firebase-auth-api.zzalj: java.util.Iterator zzb
com.google.android.gms.internal.firebase-auth-api.zzvt: com.google.android.gms.internal.firebase-auth-api.zzvt zzd
com.google.android.recaptcha.internal.zzkt: com.google.android.recaptcha.internal.zzll zzd
com.google.firebase.database.connection.Connection: java.lang.String SERVER_CONTROL_MESSAGE_RESET
com.google.firebase.database.ktx.R$attr: int colorScheme
com.google.android.gms.internal.firebase-auth-api.zzsw: int zzf
com.google.firebase.database.core.view.EventRaiser$1: java.util.ArrayList val$eventsClone