AndroidApp/app/build/outputs/mapping/release/usage.txt
com.chrono.app.ChronoApp:
    public static final int $stable
com.chrono.app.MainActivity:
    public static final int $stable
com.chrono.app.R$color
com.chrono.app.R$drawable
com.chrono.app.R$id:
    private void <init>()
com.chrono.app.R$layout:
    public static int widget_item_loading
    private void <init>()
com.chrono.app.R$mipmap
com.chrono.app.R$string
com.chrono.app.R$style
com.chrono.app.R$xml
com.chrono.app.R
com.chrono.app.data.repository.FirebaseRepository$deleteProject$1
com.chrono.app.data.repository.FirebaseRepository:
    public final java.lang.Object deleteFriend(java.lang.String,java.lang.String,kotlin.coroutines.Continuation)
    public final java.lang.Object deleteProject(java.lang.String,java.lang.String,kotlin.coroutines.Continuation)
    public final java.lang.Object leaveProject(java.lang.String,java.lang.String,kotlin.coroutines.Continuation)
    public final java.lang.Object upsertFriend(com.chrono.app.data.model.Friend,java.lang.String,kotlin.coroutines.Continuation)
com.chrono.app.data.repository.FirebaseRepositoryKt:
    public static final synthetic java.util.Map access$friendToDB(com.chrono.app.data.model.Friend)
    private static final java.util.Map friendToDB(com.chrono.app.data.model.Friend)
com.chrono.app.data.repository.Snapshot:
    public final java.util.List component1()
    public final java.util.List component2()
    public final java.util.List component3()
    public final java.util.List component4()
    public final com.chrono.app.data.repository.Snapshot copy(java.util.List,java.util.List,java.util.List,java.util.List)
    public static synthetic com.chrono.app.data.repository.Snapshot copy$default(com.chrono.app.data.repository.Snapshot,java.util.List,java.util.List,java.util.List,java.util.List,int,java.lang.Object)
com.chrono.app.ui.components.TaskCardKt$PriorityChip$1
com.chrono.app.ui.components.TaskCardKt:
    public static final void PriorityChip(int,androidx.compose.ui.Modifier,androidx.compose.runtime.Composer,int,int)
    private static final kotlin.Unit PriorityChip$lambda$1(int,androidx.compose.ui.Modifier,int,int,androidx.compose.runtime.Composer,int)
com.chrono.app.ui.navigation.Screen$Auth:
    public static final int $stable
com.chrono.app.ui.navigation.Screen$Home:
    public static final int $stable
com.chrono.app.ui.navigation.Screen$LobbyJoin:
    public static final int $stable
com.chrono.app.ui.navigation.Screen$Members:
    public static final int $stable
com.chrono.app.ui.navigation.Screen$Notes:
    public static final int $stable
com.chrono.app.ui.navigation.Screen$ProjectDetail:
    public static final int $stable
com.chrono.app.ui.navigation.Screen$Settings:
    public static final int $stable
com.chrono.app.ui.navigation.Screen$TaskDetail:
    public static final int $stable
com.chrono.app.ui.navigation.Screen:
    public static final int $stable
com.chrono.app.ui.screens.HomeScreenKt:
    private static final java.util.List HomeScreen$lambda$1(androidx.compose.runtime.State)
    private static final java.util.List TaskListView$lambda$8(androidx.compose.runtime.State)
...
androidx.compose.foundation.text.selection.SelectionGesturesKt$updateSelectionTouchMode$1$1:
    public final java.lang.Object invoke$9()
androidx.compose.foundation.text.selection.SelectionGesturesKt$updateSelectionTouchMode$1:
    public final java.lang.Object invoke$8()
androidx.compose.foundation.text.selection.SelectionGesturesKt:
    public static final boolean distanceIsTolerable(androidx.compose.ui.platform.ViewConfiguration,androidx.compose.ui.input.pointer.PointerInputChange,androidx.compose.ui.input.pointer.PointerInputChange)
androidx.compose.foundation.text.selection.SelectionHandleAnchor$EnumUnboxingLocalUtility:
    static void <clinit>()
    public static int _valueOf(java.lang.String)
    public static int[] _values()
    public static synthetic java.lang.String name(int)
    public static synthetic int valueOf(java.lang.String)
androidx.compose.foundation.text.selection.SelectionHandleAnchor
androidx.compose.foundation.text.selection.SelectionHandleInfo:
    static void <clinit>()
androidx.compose.foundation.text.selection.SelectionHandlesKt:
    public static final long getAdjustedCoordinates-k-4lQ0M(long)
    public static final float getHandleHeight()
    public static final float getHandleWidth()
    public static final androidx.compose.ui.semantics.SemanticsPropertyKey getSelectionHandleInfoKey()
    public static final boolean isHandleLtrDirection(androidx.compose.ui.text.style.ResolvedTextDirection,boolean)
androidx.compose.foundation.text.selection.SelectionLayout
androidx.compose.foundation.text.selection.SelectionLayoutKt$isCollapsed$1
androidx.compose.foundation.text.selection.SelectionMagnifierKt$UnspecifiedSafeOffsetVectorConverter$1:
    public final androidx.compose.animation.core.AnimationVector2D invoke-k-4lQ0M()
androidx.compose.foundation.text.selection.SelectionMagnifierKt$UnspecifiedSafeOffsetVectorConverter$2:
    public final long invoke-tuRUvjQ()
androidx.compose.foundation.text.selection.SelectionMagnifierKt$animatedSelectionMagnifier$1$1$1:
    public final long invoke-F1C5BW0()
androidx.compose.foundation.text.selection.SelectionMagnifierKt$animatedSelectionMagnifier$1:
    public final androidx.compose.ui.Modifier invoke()
androidx.compose.foundation.text.selection.SelectionMagnifierKt$rememberAnimatedMagnifierPosition$1$1$1:
    public final long invoke-F1C5BW0()
androidx.compose.foundation.text.selection.SelectionMagnifierKt$rememberAnimatedMagnifierPosition$1$1$2$1:
    public final java.lang.Object invoke$2()
androidx.compose.foundation.text.selection.SelectionMagnifierKt$rememberAnimatedMagnifierPosition$1$1$2:
    public static java.lang.Object emit-3MmeM6k()
androidx.compose.foundation.text.selection.SelectionMagnifierKt$rememberAnimatedMagnifierPosition$1$1:
    public final java.lang.Object invoke$2()
androidx.compose.foundation.text.selection.SelectionMagnifierKt:
    public static final synthetic androidx.compose.animation.core.AnimationVector2D access$getUnspecifiedAnimationVector2D$p()
    public static final long rememberAnimatedMagnifierPosition$lambda$1(androidx.compose.runtime.State)
androidx.compose.foundation.text.selection.SelectionManagerKt:
    public static final androidx.compose.ui.geometry.Rect invertedInfiniteRect
    static void <clinit>()
androidx.compose.foundation.text.selection.SelectionRegistrar
androidx.compose.foundation.text.selection.SelectionRegistrarKt$LocalSelectionRegistrar$1:
    public static void invoke$37()
androidx.compose.foundation.text.selection.SimpleLayoutKt$SimpleLayout$1$1:
    public final void invoke$3()
androidx.compose.foundation.text.selection.SimpleLayoutKt$SimpleLayout$2:
    public final synthetic int $$default
    public final void invoke$2()
androidx.compose.foundation.text.selection.SingleSelectionLayout$Companion